Performing C SOURCE FILE Test COMPILER_SUPPORTS_SSE4_2 failed with the following output:
Change Dir: /home/umosse/Documents/my_home/Documents/scop/build/CMakeFiles/CMakeTmp

Run Build Command(s):/usr/bin/gmake -f Makefile cmTC_898a1/fast && /usr/bin/gmake  -f CMakeFiles/cmTC_898a1.dir/build.make CMakeFiles/cmTC_898a1.dir/build
gmake[1]: Entering directory '/home/umosse/Documents/my_home/Documents/scop/build/CMakeFiles/CMakeTmp'
Building C object CMakeFiles/cmTC_898a1.dir/src.c.o
/usr/bin/cc -DCOMPILER_SUPPORTS_SSE4_2  -D_GNU_SOURCE=1 -msse4.2 -mcrc32 -MD -MT CMakeFiles/cmTC_898a1.dir/src.c.o -MF CMakeFiles/cmTC_898a1.dir/src.c.o.d -o CMakeFiles/cmTC_898a1.dir/src.c.o -c /home/umosse/Documents/my_home/Documents/scop/build/CMakeFiles/CMakeTmp/src.c
clang: error: unknown argument: '-mcrc32'
gmake[1]: *** [CMakeFiles/cmTC_898a1.dir/build.make:79: CMakeFiles/cmTC_898a1.dir/src.c.o] Error 1
gmake[1]: Leaving directory '/home/umosse/Documents/my_home/Documents/scop/build/CMakeFiles/CMakeTmp'
gmake: *** [Makefile:127: cmTC_898a1/fast] Error 2


Source file was:

      #include <nmmintrin.h>
      unsigned calc_crc32c(const char *text, unsigned len) {
          unsigned crc32c = ~0;
          for (; len >= 4; len -= 4, text += 4) {
            crc32c = (unsigned)_mm_crc32_u32(crc32c, *(unsigned*)text);
          }
          return crc32c;
      }
      int main(int argc, char **argv) {
        calc_crc32c("SDL_SSE4",8);
        return 0;
      }
Determining if the _i64toa exist failed with the following output:
Change Dir: /home/umosse/Documents/my_home/Documents/scop/build/CMakeFiles/CMakeTmp

Run Build Command(s):/usr/bin/gmake -f Makefile cmTC_f2c3f/fast && /usr/bin/gmake  -f CMakeFiles/cmTC_f2c3f.dir/build.make CMakeFiles/cmTC_f2c3f.dir/build
gmake[1]: Entering directory '/home/umosse/Documents/my_home/Documents/scop/build/CMakeFiles/CMakeTmp'
Building C object CMakeFiles/cmTC_f2c3f.dir/CheckSymbolExists.c.o
/usr/bin/cc   -D_GNU_SOURCE=1 -MD -MT CMakeFiles/cmTC_f2c3f.dir/CheckSymbolExists.c.o -MF CMakeFiles/cmTC_f2c3f.dir/CheckSymbolExists.c.o.d -o CMakeFiles/cmTC_f2c3f.dir/CheckSymbolExists.c.o -c /home/umosse/Documents/my_home/Documents/scop/build/CMakeFiles/CMakeTmp/CheckSymbolExists.c
/home/umosse/Documents/my_home/Documents/scop/build/CMakeFiles/CMakeTmp/CheckSymbolExists.c:26:19: error: use of undeclared identifier '_i64toa'
  return ((int*)(&_i64toa))[argc];
                  ^
1 error generated.
gmake[1]: *** [CMakeFiles/cmTC_f2c3f.dir/build.make:79: CMakeFiles/cmTC_f2c3f.dir/CheckSymbolExists.c.o] Error 1
gmake[1]: Leaving directory '/home/umosse/Documents/my_home/Documents/scop/build/CMakeFiles/CMakeTmp'
gmake: *** [Makefile:127: cmTC_f2c3f/fast] Error 2


File /home/umosse/Documents/my_home/Documents/scop/build/CMakeFiles/CMakeTmp/CheckSymbolExists.c:
/* */
#include <float.h>
#include <iconv.h>
#include <inttypes.h>
#include <limits.h>
#include <malloc.h>
#include <math.h>
#include <memory.h>
#include <signal.h>
#include <stdarg.h>
#include <stdbool.h>
#include <stddef.h>
#include <stdint.h>
#include <stdio.h>
#include <stdlib.h>
#include <string.h>
#include <strings.h>
#include <sys/types.h>
#include <time.h>
#include <wchar.h>

int main(int argc, char** argv)
{
  (void)argv;
#ifndef _i64toa
  return ((int*)(&_i64toa))[argc];
#else
  (void)argc;
  return 0;
#endif
}
Determining if the itoa exist failed with the following output:
Change Dir: /home/umosse/Documents/my_home/Documents/scop/build/CMakeFiles/CMakeTmp

Run Build Command(s):/usr/bin/gmake -f Makefile cmTC_aa70b/fast && /usr/bin/gmake  -f CMakeFiles/cmTC_aa70b.dir/build.make CMakeFiles/cmTC_aa70b.dir/build
gmake[1]: Entering directory '/home/umosse/Documents/my_home/Documents/scop/build/CMakeFiles/CMakeTmp'
Building C object CMakeFiles/cmTC_aa70b.dir/CheckSymbolExists.c.o
/usr/bin/cc   -D_GNU_SOURCE=1 -MD -MT CMakeFiles/cmTC_aa70b.dir/CheckSymbolExists.c.o -MF CMakeFiles/cmTC_aa70b.dir/CheckSymbolExists.c.o.d -o CMakeFiles/cmTC_aa70b.dir/CheckSymbolExists.c.o -c /home/umosse/Documents/my_home/Documents/scop/build/CMakeFiles/CMakeTmp/CheckSymbolExists.c
/home/umosse/Documents/my_home/Documents/scop/build/CMakeFiles/CMakeTmp/CheckSymbolExists.c:26:19: error: use of undeclared identifier 'itoa'
  return ((int*)(&itoa))[argc];
                  ^
1 error generated.
gmake[1]: *** [CMakeFiles/cmTC_aa70b.dir/build.make:79: CMakeFiles/cmTC_aa70b.dir/CheckSymbolExists.c.o] Error 1
gmake[1]: Leaving directory '/home/umosse/Documents/my_home/Documents/scop/build/CMakeFiles/CMakeTmp'
gmake: *** [Makefile:127: cmTC_aa70b/fast] Error 2


File /home/umosse/Documents/my_home/Documents/scop/build/CMakeFiles/CMakeTmp/CheckSymbolExists.c:
/* */
#include <float.h>
#include <iconv.h>
#include <inttypes.h>
#include <limits.h>
#include <malloc.h>
#include <math.h>
#include <memory.h>
#include <signal.h>
#include <stdarg.h>
#include <stdbool.h>
#include <stddef.h>
#include <stdint.h>
#include <stdio.h>
#include <stdlib.h>
#include <string.h>
#include <strings.h>
#include <sys/types.h>
#include <time.h>
#include <wchar.h>

int main(int argc, char** argv)
{
  (void)argv;
#ifndef itoa
  return ((int*)(&itoa))[argc];
#else
  (void)argc;
  return 0;
#endif
}
Determining if the _ltoa exist failed with the following output:
Change Dir: /home/umosse/Documents/my_home/Documents/scop/build/CMakeFiles/CMakeTmp

Run Build Command(s):/usr/bin/gmake -f Makefile cmTC_59900/fast && /usr/bin/gmake  -f CMakeFiles/cmTC_59900.dir/build.make CMakeFiles/cmTC_59900.dir/build
gmake[1]: Entering directory '/home/umosse/Documents/my_home/Documents/scop/build/CMakeFiles/CMakeTmp'
Building C object CMakeFiles/cmTC_59900.dir/CheckSymbolExists.c.o
/usr/bin/cc   -D_GNU_SOURCE=1 -MD -MT CMakeFiles/cmTC_59900.dir/CheckSymbolExists.c.o -MF CMakeFiles/cmTC_59900.dir/CheckSymbolExists.c.o.d -o CMakeFiles/cmTC_59900.dir/CheckSymbolExists.c.o -c /home/umosse/Documents/my_home/Documents/scop/build/CMakeFiles/CMakeTmp/CheckSymbolExists.c
/home/umosse/Documents/my_home/Documents/scop/build/CMakeFiles/CMakeTmp/CheckSymbolExists.c:26:19: error: use of undeclared identifier '_ltoa'
  return ((int*)(&_ltoa))[argc];
                  ^
1 error generated.
gmake[1]: *** [CMakeFiles/cmTC_59900.dir/build.make:79: CMakeFiles/cmTC_59900.dir/CheckSymbolExists.c.o] Error 1
gmake[1]: Leaving directory '/home/umosse/Documents/my_home/Documents/scop/build/CMakeFiles/CMakeTmp'
gmake: *** [Makefile:127: cmTC_59900/fast] Error 2


File /home/umosse/Documents/my_home/Documents/scop/build/CMakeFiles/CMakeTmp/CheckSymbolExists.c:
/* */
#include <float.h>
#include <iconv.h>
#include <inttypes.h>
#include <limits.h>
#include <malloc.h>
#include <math.h>
#include <memory.h>
#include <signal.h>
#include <stdarg.h>
#include <stdbool.h>
#include <stddef.h>
#include <stdint.h>
#include <stdio.h>
#include <stdlib.h>
#include <string.h>
#include <strings.h>
#include <sys/types.h>
#include <time.h>
#include <wchar.h>

int main(int argc, char** argv)
{
  (void)argv;
#ifndef _ltoa
  return ((int*)(&_ltoa))[argc];
#else
  (void)argc;
  return 0;
#endif
}
Determining if the sqr exist failed with the following output:
Change Dir: /home/umosse/Documents/my_home/Documents/scop/build/CMakeFiles/CMakeTmp

Run Build Command(s):/usr/bin/gmake -f Makefile cmTC_eb23c/fast && /usr/bin/gmake  -f CMakeFiles/cmTC_eb23c.dir/build.make CMakeFiles/cmTC_eb23c.dir/build
gmake[1]: Entering directory '/home/umosse/Documents/my_home/Documents/scop/build/CMakeFiles/CMakeTmp'
Building C object CMakeFiles/cmTC_eb23c.dir/CheckSymbolExists.c.o
/usr/bin/cc   -D_GNU_SOURCE=1 -MD -MT CMakeFiles/cmTC_eb23c.dir/CheckSymbolExists.c.o -MF CMakeFiles/cmTC_eb23c.dir/CheckSymbolExists.c.o.d -o CMakeFiles/cmTC_eb23c.dir/CheckSymbolExists.c.o -c /home/umosse/Documents/my_home/Documents/scop/build/CMakeFiles/CMakeTmp/CheckSymbolExists.c
/home/umosse/Documents/my_home/Documents/scop/build/CMakeFiles/CMakeTmp/CheckSymbolExists.c:26:19: error: use of undeclared identifier 'sqr'; did you mean 'sqrt'?
  return ((int*)(&sqr))[argc];
                  ^~~
                  sqrt
/usr/include/x86_64-linux-gnu/bits/mathcalls.h:143:13: note: 'sqrt' declared here
__MATHCALL (sqrt,, (_Mdouble_ __x));
            ^
1 error generated.
gmake[1]: *** [CMakeFiles/cmTC_eb23c.dir/build.make:79: CMakeFiles/cmTC_eb23c.dir/CheckSymbolExists.c.o] Error 1
gmake[1]: Leaving directory '/home/umosse/Documents/my_home/Documents/scop/build/CMakeFiles/CMakeTmp'
gmake: *** [Makefile:127: cmTC_eb23c/fast] Error 2


File /home/umosse/Documents/my_home/Documents/scop/build/CMakeFiles/CMakeTmp/CheckSymbolExists.c:
/* */
#include <float.h>
#include <iconv.h>
#include <inttypes.h>
#include <limits.h>
#include <malloc.h>
#include <math.h>
#include <memory.h>
#include <signal.h>
#include <stdarg.h>
#include <stdbool.h>
#include <stddef.h>
#include <stdint.h>
#include <stdio.h>
#include <stdlib.h>
#include <string.h>
#include <strings.h>
#include <sys/types.h>
#include <time.h>
#include <wchar.h>

int main(int argc, char** argv)
{
  (void)argv;
#ifndef sqr
  return ((int*)(&sqr))[argc];
#else
  (void)argc;
  return 0;
#endif
}
Determining if the strlcat exist failed with the following output:
Change Dir: /home/umosse/Documents/my_home/Documents/scop/build/CMakeFiles/CMakeTmp

Run Build Command(s):/usr/bin/gmake -f Makefile cmTC_39d73/fast && /usr/bin/gmake  -f CMakeFiles/cmTC_39d73.dir/build.make CMakeFiles/cmTC_39d73.dir/build
gmake[1]: Entering directory '/home/umosse/Documents/my_home/Documents/scop/build/CMakeFiles/CMakeTmp'
Building C object CMakeFiles/cmTC_39d73.dir/CheckSymbolExists.c.o
/usr/bin/cc   -D_GNU_SOURCE=1 -MD -MT CMakeFiles/cmTC_39d73.dir/CheckSymbolExists.c.o -MF CMakeFiles/cmTC_39d73.dir/CheckSymbolExists.c.o.d -o CMakeFiles/cmTC_39d73.dir/CheckSymbolExists.c.o -c /home/umosse/Documents/my_home/Documents/scop/build/CMakeFiles/CMakeTmp/CheckSymbolExists.c
/home/umosse/Documents/my_home/Documents/scop/build/CMakeFiles/CMakeTmp/CheckSymbolExists.c:26:19: error: use of undeclared identifier 'strlcat'
  return ((int*)(&strlcat))[argc];
                  ^
1 error generated.
gmake[1]: *** [CMakeFiles/cmTC_39d73.dir/build.make:79: CMakeFiles/cmTC_39d73.dir/CheckSymbolExists.c.o] Error 1
gmake[1]: Leaving directory '/home/umosse/Documents/my_home/Documents/scop/build/CMakeFiles/CMakeTmp'
gmake: *** [Makefile:127: cmTC_39d73/fast] Error 2


File /home/umosse/Documents/my_home/Documents/scop/build/CMakeFiles/CMakeTmp/CheckSymbolExists.c:
/* */
#include <float.h>
#include <iconv.h>
#include <inttypes.h>
#include <limits.h>
#include <malloc.h>
#include <math.h>
#include <memory.h>
#include <signal.h>
#include <stdarg.h>
#include <stdbool.h>
#include <stddef.h>
#include <stdint.h>
#include <stdio.h>
#include <stdlib.h>
#include <string.h>
#include <strings.h>
#include <sys/types.h>
#include <time.h>
#include <wchar.h>

int main(int argc, char** argv)
{
  (void)argv;
#ifndef strlcat
  return ((int*)(&strlcat))[argc];
#else
  (void)argc;
  return 0;
#endif
}
Determining if the strlcpy exist failed with the following output:
Change Dir: /home/umosse/Documents/my_home/Documents/scop/build/CMakeFiles/CMakeTmp

Run Build Command(s):/usr/bin/gmake -f Makefile cmTC_3788d/fast && /usr/bin/gmake  -f CMakeFiles/cmTC_3788d.dir/build.make CMakeFiles/cmTC_3788d.dir/build
gmake[1]: Entering directory '/home/umosse/Documents/my_home/Documents/scop/build/CMakeFiles/CMakeTmp'
Building C object CMakeFiles/cmTC_3788d.dir/CheckSymbolExists.c.o
/usr/bin/cc   -D_GNU_SOURCE=1 -MD -MT CMakeFiles/cmTC_3788d.dir/CheckSymbolExists.c.o -MF CMakeFiles/cmTC_3788d.dir/CheckSymbolExists.c.o.d -o CMakeFiles/cmTC_3788d.dir/CheckSymbolExists.c.o -c /home/umosse/Documents/my_home/Documents/scop/build/CMakeFiles/CMakeTmp/CheckSymbolExists.c
/home/umosse/Documents/my_home/Documents/scop/build/CMakeFiles/CMakeTmp/CheckSymbolExists.c:26:19: error: use of undeclared identifier 'strlcpy'
  return ((int*)(&strlcpy))[argc];
                  ^
1 error generated.
gmake[1]: *** [CMakeFiles/cmTC_3788d.dir/build.make:79: CMakeFiles/cmTC_3788d.dir/CheckSymbolExists.c.o] Error 1
gmake[1]: Leaving directory '/home/umosse/Documents/my_home/Documents/scop/build/CMakeFiles/CMakeTmp'
gmake: *** [Makefile:127: cmTC_3788d/fast] Error 2


File /home/umosse/Documents/my_home/Documents/scop/build/CMakeFiles/CMakeTmp/CheckSymbolExists.c:
/* */
#include <float.h>
#include <iconv.h>
#include <inttypes.h>
#include <limits.h>
#include <malloc.h>
#include <math.h>
#include <memory.h>
#include <signal.h>
#include <stdarg.h>
#include <stdbool.h>
#include <stddef.h>
#include <stdint.h>
#include <stdio.h>
#include <stdlib.h>
#include <string.h>
#include <strings.h>
#include <sys/types.h>
#include <time.h>
#include <wchar.h>

int main(int argc, char** argv)
{
  (void)argv;
#ifndef strlcpy
  return ((int*)(&strlcpy))[argc];
#else
  (void)argc;
  return 0;
#endif
}
Determining if the strnstr exist failed with the following output:
Change Dir: /home/umosse/Documents/my_home/Documents/scop/build/CMakeFiles/CMakeTmp

Run Build Command(s):/usr/bin/gmake -f Makefile cmTC_7e210/fast && /usr/bin/gmake  -f CMakeFiles/cmTC_7e210.dir/build.make CMakeFiles/cmTC_7e210.dir/build
gmake[1]: Entering directory '/home/umosse/Documents/my_home/Documents/scop/build/CMakeFiles/CMakeTmp'
Building C object CMakeFiles/cmTC_7e210.dir/CheckSymbolExists.c.o
/usr/bin/cc   -D_GNU_SOURCE=1 -MD -MT CMakeFiles/cmTC_7e210.dir/CheckSymbolExists.c.o -MF CMakeFiles/cmTC_7e210.dir/CheckSymbolExists.c.o.d -o CMakeFiles/cmTC_7e210.dir/CheckSymbolExists.c.o -c /home/umosse/Documents/my_home/Documents/scop/build/CMakeFiles/CMakeTmp/CheckSymbolExists.c
/home/umosse/Documents/my_home/Documents/scop/build/CMakeFiles/CMakeTmp/CheckSymbolExists.c:26:19: error: use of undeclared identifier 'strnstr'; did you mean 'strstr'?
  return ((int*)(&strnstr))[argc];
                  ^~~~~~~
                  strstr
/usr/include/string.h:350:14: note: 'strstr' declared here
extern char *strstr (const char *__haystack, const char *__needle)
             ^
1 error generated.
gmake[1]: *** [CMakeFiles/cmTC_7e210.dir/build.make:79: CMakeFiles/cmTC_7e210.dir/CheckSymbolExists.c.o] Error 1
gmake[1]: Leaving directory '/home/umosse/Documents/my_home/Documents/scop/build/CMakeFiles/CMakeTmp'
gmake: *** [Makefile:127: cmTC_7e210/fast] Error 2


File /home/umosse/Documents/my_home/Documents/scop/build/CMakeFiles/CMakeTmp/CheckSymbolExists.c:
/* */
#include <float.h>
#include <iconv.h>
#include <inttypes.h>
#include <limits.h>
#include <malloc.h>
#include <math.h>
#include <memory.h>
#include <signal.h>
#include <stdarg.h>
#include <stdbool.h>
#include <stddef.h>
#include <stdint.h>
#include <stdio.h>
#include <stdlib.h>
#include <string.h>
#include <strings.h>
#include <sys/types.h>
#include <time.h>
#include <wchar.h>

int main(int argc, char** argv)
{
  (void)argv;
#ifndef strnstr
  return ((int*)(&strnstr))[argc];
#else
  (void)argc;
  return 0;
#endif
}
Determining if the wcslcat exist failed with the following output:
Change Dir: /home/umosse/Documents/my_home/Documents/scop/build/CMakeFiles/CMakeTmp

Run Build Command(s):/usr/bin/gmake -f Makefile cmTC_3e34a/fast && /usr/bin/gmake  -f CMakeFiles/cmTC_3e34a.dir/build.make CMakeFiles/cmTC_3e34a.dir/build
gmake[1]: Entering directory '/home/umosse/Documents/my_home/Documents/scop/build/CMakeFiles/CMakeTmp'
Building C object CMakeFiles/cmTC_3e34a.dir/CheckSymbolExists.c.o
/usr/bin/cc   -D_GNU_SOURCE=1 -MD -MT CMakeFiles/cmTC_3e34a.dir/CheckSymbolExists.c.o -MF CMakeFiles/cmTC_3e34a.dir/CheckSymbolExists.c.o.d -o CMakeFiles/cmTC_3e34a.dir/CheckSymbolExists.c.o -c /home/umosse/Documents/my_home/Documents/scop/build/CMakeFiles/CMakeTmp/CheckSymbolExists.c
/home/umosse/Documents/my_home/Documents/scop/build/CMakeFiles/CMakeTmp/CheckSymbolExists.c:26:19: error: use of undeclared identifier 'wcslcat'
  return ((int*)(&wcslcat))[argc];
                  ^
1 error generated.
gmake[1]: *** [CMakeFiles/cmTC_3e34a.dir/build.make:79: CMakeFiles/cmTC_3e34a.dir/CheckSymbolExists.c.o] Error 1
gmake[1]: Leaving directory '/home/umosse/Documents/my_home/Documents/scop/build/CMakeFiles/CMakeTmp'
gmake: *** [Makefile:127: cmTC_3e34a/fast] Error 2


File /home/umosse/Documents/my_home/Documents/scop/build/CMakeFiles/CMakeTmp/CheckSymbolExists.c:
/* */
#include <float.h>
#include <iconv.h>
#include <inttypes.h>
#include <limits.h>
#include <malloc.h>
#include <math.h>
#include <memory.h>
#include <signal.h>
#include <stdarg.h>
#include <stdbool.h>
#include <stddef.h>
#include <stdint.h>
#include <stdio.h>
#include <stdlib.h>
#include <string.h>
#include <strings.h>
#include <sys/types.h>
#include <time.h>
#include <wchar.h>

int main(int argc, char** argv)
{
  (void)argv;
#ifndef wcslcat
  return ((int*)(&wcslcat))[argc];
#else
  (void)argc;
  return 0;
#endif
}
Determining if the wcslcpy exist failed with the following output:
Change Dir: /home/umosse/Documents/my_home/Documents/scop/build/CMakeFiles/CMakeTmp

Run Build Command(s):/usr/bin/gmake -f Makefile cmTC_d223e/fast && /usr/bin/gmake  -f CMakeFiles/cmTC_d223e.dir/build.make CMakeFiles/cmTC_d223e.dir/build
gmake[1]: Entering directory '/home/umosse/Documents/my_home/Documents/scop/build/CMakeFiles/CMakeTmp'
Building C object CMakeFiles/cmTC_d223e.dir/CheckSymbolExists.c.o
/usr/bin/cc   -D_GNU_SOURCE=1 -MD -MT CMakeFiles/cmTC_d223e.dir/CheckSymbolExists.c.o -MF CMakeFiles/cmTC_d223e.dir/CheckSymbolExists.c.o.d -o CMakeFiles/cmTC_d223e.dir/CheckSymbolExists.c.o -c /home/umosse/Documents/my_home/Documents/scop/build/CMakeFiles/CMakeTmp/CheckSymbolExists.c
/home/umosse/Documents/my_home/Documents/scop/build/CMakeFiles/CMakeTmp/CheckSymbolExists.c:26:19: error: use of undeclared identifier 'wcslcpy'
  return ((int*)(&wcslcpy))[argc];
                  ^
1 error generated.
gmake[1]: *** [CMakeFiles/cmTC_d223e.dir/build.make:79: CMakeFiles/cmTC_d223e.dir/CheckSymbolExists.c.o] Error 1
gmake[1]: Leaving directory '/home/umosse/Documents/my_home/Documents/scop/build/CMakeFiles/CMakeTmp'
gmake: *** [Makefile:127: cmTC_d223e/fast] Error 2


File /home/umosse/Documents/my_home/Documents/scop/build/CMakeFiles/CMakeTmp/CheckSymbolExists.c:
/* */
#include <float.h>
#include <iconv.h>
#include <inttypes.h>
#include <limits.h>
#include <malloc.h>
#include <math.h>
#include <memory.h>
#include <signal.h>
#include <stdarg.h>
#include <stdbool.h>
#include <stddef.h>
#include <stdint.h>
#include <stdio.h>
#include <stdlib.h>
#include <string.h>
#include <strings.h>
#include <sys/types.h>
#include <time.h>
#include <wchar.h>

int main(int argc, char** argv)
{
  (void)argv;
#ifndef wcslcpy
  return ((int*)(&wcslcpy))[argc];
#else
  (void)argc;
  return 0;
#endif
}
Determining if the sysctlbyname exist failed with the following output:
Change Dir: /home/umosse/Documents/my_home/Documents/scop/build/CMakeFiles/CMakeTmp

Run Build Command(s):/usr/bin/gmake -f Makefile cmTC_abf87/fast && /usr/bin/gmake  -f CMakeFiles/cmTC_abf87.dir/build.make CMakeFiles/cmTC_abf87.dir/build
gmake[1]: Entering directory '/home/umosse/Documents/my_home/Documents/scop/build/CMakeFiles/CMakeTmp'
Building C object CMakeFiles/cmTC_abf87.dir/CheckSymbolExists.c.o
/usr/bin/cc   -D_GNU_SOURCE=1 -MD -MT CMakeFiles/cmTC_abf87.dir/CheckSymbolExists.c.o -MF CMakeFiles/cmTC_abf87.dir/CheckSymbolExists.c.o.d -o CMakeFiles/cmTC_abf87.dir/CheckSymbolExists.c.o -c /home/umosse/Documents/my_home/Documents/scop/build/CMakeFiles/CMakeTmp/CheckSymbolExists.c
/home/umosse/Documents/my_home/Documents/scop/build/CMakeFiles/CMakeTmp/CheckSymbolExists.c:3:10: fatal error: 'sys/sysctl.h' file not found
#include <sys/sysctl.h>
         ^~~~~~~~~~~~~~
1 error generated.
gmake[1]: *** [CMakeFiles/cmTC_abf87.dir/build.make:79: CMakeFiles/cmTC_abf87.dir/CheckSymbolExists.c.o] Error 1
gmake[1]: Leaving directory '/home/umosse/Documents/my_home/Documents/scop/build/CMakeFiles/CMakeTmp'
gmake: *** [Makefile:127: cmTC_abf87/fast] Error 2


File /home/umosse/Documents/my_home/Documents/scop/build/CMakeFiles/CMakeTmp/CheckSymbolExists.c:
/* */
#include <sys/types.h>
#include <sys/sysctl.h>

int main(int argc, char** argv)
{
  (void)argv;
#ifndef sysctlbyname
  return ((int*)(&sysctlbyname))[argc];
#else
  (void)argc;
  return 0;
#endif
}
Determining if the elf_aux_info exist failed with the following output:
Change Dir: /home/umosse/Documents/my_home/Documents/scop/build/CMakeFiles/CMakeTmp

Run Build Command(s):/usr/bin/gmake -f Makefile cmTC_d806c/fast && /usr/bin/gmake  -f CMakeFiles/cmTC_d806c.dir/build.make CMakeFiles/cmTC_d806c.dir/build
gmake[1]: Entering directory '/home/umosse/Documents/my_home/Documents/scop/build/CMakeFiles/CMakeTmp'
Building C object CMakeFiles/cmTC_d806c.dir/CheckSymbolExists.c.o
/usr/bin/cc   -D_GNU_SOURCE=1 -MD -MT CMakeFiles/cmTC_d806c.dir/CheckSymbolExists.c.o -MF CMakeFiles/cmTC_d806c.dir/CheckSymbolExists.c.o.d -o CMakeFiles/cmTC_d806c.dir/CheckSymbolExists.c.o -c /home/umosse/Documents/my_home/Documents/scop/build/CMakeFiles/CMakeTmp/CheckSymbolExists.c
/home/umosse/Documents/my_home/Documents/scop/build/CMakeFiles/CMakeTmp/CheckSymbolExists.c:8:19: error: use of undeclared identifier 'elf_aux_info'
  return ((int*)(&elf_aux_info))[argc];
                  ^
1 error generated.
gmake[1]: *** [CMakeFiles/cmTC_d806c.dir/build.make:79: CMakeFiles/cmTC_d806c.dir/CheckSymbolExists.c.o] Error 1
gmake[1]: Leaving directory '/home/umosse/Documents/my_home/Documents/scop/build/CMakeFiles/CMakeTmp'
gmake: *** [Makefile:127: cmTC_d806c/fast] Error 2


File /home/umosse/Documents/my_home/Documents/scop/build/CMakeFiles/CMakeTmp/CheckSymbolExists.c:
/* */
#include <sys/auxv.h>

int main(int argc, char** argv)
{
  (void)argv;
#ifndef elf_aux_info
  return ((int*)(&elf_aux_info))[argc];
#else
  (void)argc;
  return 0;
#endif
}
Performing C SOURCE FILE Test ICONV_IN_LIBICONV failed with the following output:
Change Dir: /home/umosse/Documents/my_home/Documents/scop/build/CMakeFiles/CMakeTmp

Run Build Command(s):/usr/bin/gmake -f Makefile cmTC_b82db/fast && /usr/bin/gmake  -f CMakeFiles/cmTC_b82db.dir/build.make CMakeFiles/cmTC_b82db.dir/build
gmake[1]: Entering directory '/home/umosse/Documents/my_home/Documents/scop/build/CMakeFiles/CMakeTmp'
Building C object CMakeFiles/cmTC_b82db.dir/src.c.o
/usr/bin/cc -DICONV_IN_LIBICONV  -D_GNU_SOURCE=1 -MD -MT CMakeFiles/cmTC_b82db.dir/src.c.o -MF CMakeFiles/cmTC_b82db.dir/src.c.o.d -o CMakeFiles/cmTC_b82db.dir/src.c.o -c /home/umosse/Documents/my_home/Documents/scop/build/CMakeFiles/CMakeTmp/src.c
Linking C executable cmTC_b82db
/usr/bin/cmake -E cmake_link_script CMakeFiles/cmTC_b82db.dir/link.txt --verbose=1
/usr/bin/cc   -D_GNU_SOURCE=1 CMakeFiles/cmTC_b82db.dir/src.c.o -o cmTC_b82db  -liconv 
/usr/bin/ld: cannot find -liconv: No such file or directory
clang: error: linker command failed with exit code 1 (use -v to see invocation)
gmake[1]: *** [CMakeFiles/cmTC_b82db.dir/build.make:100: cmTC_b82db] Error 1
gmake[1]: Leaving directory '/home/umosse/Documents/my_home/Documents/scop/build/CMakeFiles/CMakeTmp'
gmake: *** [Makefile:127: cmTC_b82db/fast] Error 2


Source file was:

        #include <stddef.h>
        #include <iconv.h>
        int main(int argc, char **argv) {
            return !iconv_open(NULL,NULL);
        }
Performing C SOURCE FILE Test LIBC_HAS_WORKING_LIBUNWIND failed with the following output:
Change Dir: /home/umosse/Documents/my_home/Documents/scop/build/CMakeFiles/CMakeTmp

Run Build Command(s):/usr/bin/gmake -f Makefile cmTC_e3370/fast && /usr/bin/gmake  -f CMakeFiles/cmTC_e3370.dir/build.make CMakeFiles/cmTC_e3370.dir/build
gmake[1]: Entering directory '/home/umosse/Documents/my_home/Documents/scop/build/CMakeFiles/CMakeTmp'
Building C object CMakeFiles/cmTC_e3370.dir/src.c.o
/usr/bin/cc -DLIBC_HAS_WORKING_LIBUNWIND  -D_GNU_SOURCE=1 -MD -MT CMakeFiles/cmTC_e3370.dir/src.c.o -MF CMakeFiles/cmTC_e3370.dir/src.c.o.d -o CMakeFiles/cmTC_e3370.dir/src.c.o -c /home/umosse/Documents/my_home/Documents/scop/build/CMakeFiles/CMakeTmp/src.c
/home/umosse/Documents/my_home/Documents/scop/build/CMakeFiles/CMakeTmp/src.c:1:16: fatal error: 'libunwind.h' file not found
      #include <libunwind.h>
               ^~~~~~~~~~~~~
1 error generated.
gmake[1]: *** [CMakeFiles/cmTC_e3370.dir/build.make:79: CMakeFiles/cmTC_e3370.dir/src.c.o] Error 1
gmake[1]: Leaving directory '/home/umosse/Documents/my_home/Documents/scop/build/CMakeFiles/CMakeTmp'
gmake: *** [Makefile:127: cmTC_e3370/fast] Error 2


Source file was:
      #include <libunwind.h>
      int main(int argc, char *argv[]) {
        (void)argc; (void)argv;
        unw_context_t context;
        unw_cursor_t cursor;
        unw_word_t pc;
        char sym[256];
        unw_word_t offset;
        unw_getcontext(&context);
        unw_step(&cursor);
        unw_get_reg(&cursor, UNW_REG_IP, &pc);
        unw_get_proc_name(&cursor, sym, sizeof(sym), &offset);
        return 0;
      }
Performing C SOURCE FILE Test LIBUNWIND_HAS_WORKINGLIBUNWIND failed with the following output:
Change Dir: /home/umosse/Documents/my_home/Documents/scop/build/CMakeFiles/CMakeTmp

Run Build Command(s):/usr/bin/gmake -f Makefile cmTC_180ee/fast && /usr/bin/gmake  -f CMakeFiles/cmTC_180ee.dir/build.make CMakeFiles/cmTC_180ee.dir/build
gmake[1]: Entering directory '/home/umosse/Documents/my_home/Documents/scop/build/CMakeFiles/CMakeTmp'
Building C object CMakeFiles/cmTC_180ee.dir/src.c.o
/usr/bin/cc -DLIBUNWIND_HAS_WORKINGLIBUNWIND  -D_GNU_SOURCE=1 -MD -MT CMakeFiles/cmTC_180ee.dir/src.c.o -MF CMakeFiles/cmTC_180ee.dir/src.c.o.d -o CMakeFiles/cmTC_180ee.dir/src.c.o -c /home/umosse/Documents/my_home/Documents/scop/build/CMakeFiles/CMakeTmp/src.c
/home/umosse/Documents/my_home/Documents/scop/build/CMakeFiles/CMakeTmp/src.c:1:16: fatal error: 'libunwind.h' file not found
      #include <libunwind.h>
               ^~~~~~~~~~~~~
1 error generated.
gmake[1]: *** [CMakeFiles/cmTC_180ee.dir/build.make:79: CMakeFiles/cmTC_180ee.dir/src.c.o] Error 1
gmake[1]: Leaving directory '/home/umosse/Documents/my_home/Documents/scop/build/CMakeFiles/CMakeTmp'
gmake: *** [Makefile:127: cmTC_180ee/fast] Error 2


Source file was:
      #include <libunwind.h>
      int main(int argc, char *argv[]) {
        (void)argc; (void)argv;
        unw_context_t context;
        unw_cursor_t cursor;
        unw_word_t pc;
        char sym[256];
        unw_word_t offset;
        unw_getcontext(&context);
        unw_step(&cursor);
        unw_get_reg(&cursor, UNW_REG_IP, &pc);
        unw_get_proc_name(&cursor, sym, sizeof(sym), &offset);
        return 0;
      }
Determining if the include file pthread_np.h exists failed with the following output:
Change Dir: /home/umosse/Documents/my_home/Documents/scop/build/CMakeFiles/CMakeTmp

Run Build Command(s):/usr/bin/gmake -f Makefile cmTC_354fc/fast && /usr/bin/gmake  -f CMakeFiles/cmTC_354fc.dir/build.make CMakeFiles/cmTC_354fc.dir/build
gmake[1]: Entering directory '/home/umosse/Documents/my_home/Documents/scop/build/CMakeFiles/CMakeTmp'
Building C object CMakeFiles/cmTC_354fc.dir/CheckIncludeFile.c.o
/usr/bin/cc   -D_GNU_SOURCE=1 -D_REENTRANT -pthread -MD -MT CMakeFiles/cmTC_354fc.dir/CheckIncludeFile.c.o -MF CMakeFiles/cmTC_354fc.dir/CheckIncludeFile.c.o.d -o CMakeFiles/cmTC_354fc.dir/CheckIncludeFile.c.o -c /home/umosse/Documents/my_home/Documents/scop/build/CMakeFiles/CMakeTmp/CheckIncludeFile.c
/home/umosse/Documents/my_home/Documents/scop/build/CMakeFiles/CMakeTmp/CheckIncludeFile.c:1:10: fatal error: 'pthread_np.h' file not found
#include <pthread_np.h>
         ^~~~~~~~~~~~~~
1 error generated.
gmake[1]: *** [CMakeFiles/cmTC_354fc.dir/build.make:79: CMakeFiles/cmTC_354fc.dir/CheckIncludeFile.c.o] Error 1
gmake[1]: Leaving directory '/home/umosse/Documents/my_home/Documents/scop/build/CMakeFiles/CMakeTmp'
gmake: *** [Makefile:127: cmTC_354fc/fast] Error 2



